2025-12-13 09:31:23,474 - INFO - app - Logging setup complete - logs will be written to CLI and file
2025-12-13 09:32:41,954 - INFO - app - Logging setup complete - logs will be written to CLI and file
2025-12-13 09:32:58,580 - INFO - app - Logging setup complete - logs will be written to CLI and file
2025-12-13 09:33:37,837 - INFO - app - Logging setup complete - logs will be written to CLI and file
2025-12-13 09:34:40,125 - INFO - app - Logging setup complete - logs will be written to CLI and file
2025-12-13 09:35:07,671 - INFO - app - Logging setup complete - logs will be written to CLI and file
2025-12-13 09:35:08,587 - INFO - app - Logging setup complete - logs will be written to CLI and file
2025-12-13 09:36:25,120 - INFO - app - Logging setup complete - logs will be written to CLI and file
2025-12-13 09:40:35,124 - INFO - app.routes.auth_routes - User signup attempt started
2025-12-13 09:40:35,129 - WARNING - app.routes.auth_routes - Signup pydantic validation failed: [{'type': 'missing', 'loc': ('user_name',), 'msg': 'Field required', 'input': {'email': 'yashtest@gmail.com', 'username': 'yshnyk-1', 'password': 'yshnyk@32109'}, 'url': 'https://errors.pydantic.dev/2.12/v/missing'}]
2025-12-13 09:40:54,738 - INFO - app.routes.auth_routes - User signup attempt started
2025-12-13 09:40:54,739 - INFO - app.routes.auth_routes - Signup pydantic data validation successful for email: yashtest@gmail.com
2025-12-13 09:48:50,440 - INFO - app.routes.auth_routes - User signup attempt started
2025-12-13 09:48:50,441 - INFO - app.routes.auth_routes - Signup pydantic data validation successful for email: yashtest@gmail.com
2025-12-13 09:48:50,676 - INFO - app.routes.auth_routes - User registered successfully: yashtest@gmail.com
2025-12-13 09:51:12,866 - INFO - app - Logging setup complete - logs will be written to CLI and file
2025-12-13 09:51:20,107 - INFO - app - Logging setup complete - logs will be written to CLI and file
2025-12-13 09:51:36,471 - INFO - app - Logging setup complete - logs will be written to CLI and file
2025-12-13 09:51:38,579 - INFO - app - Logging setup complete - logs will be written to CLI and file
2025-12-13 09:52:29,874 - INFO - app - Logging setup complete - logs will be written to CLI and file
2025-12-13 09:52:33,046 - INFO - app - Logging setup complete - logs will be written to CLI and file
2025-12-13 09:52:35,112 - INFO - app - Logging setup complete - logs will be written to CLI and file
2025-12-13 09:52:43,286 - INFO - app - Logging setup complete - logs will be written to CLI and file
2025-12-13 09:52:46,415 - INFO - app - Logging setup complete - logs will be written to CLI and file
2025-12-13 09:52:50,516 - INFO - app - Logging setup complete - logs will be written to CLI and file
2025-12-13 09:52:53,567 - INFO - app - Logging setup complete - logs will be written to CLI and file
2025-12-13 09:53:00,814 - INFO - app - Logging setup complete - logs will be written to CLI and file
2025-12-13 09:53:03,064 - INFO - app - Logging setup complete - logs will be written to CLI and file
2025-12-13 09:54:49,335 - INFO - app - Logging setup complete - logs will be written to CLI and file
2025-12-13 09:54:52,159 - INFO - app - Logging setup complete - logs will be written to CLI and file
2025-12-13 09:54:55,290 - INFO - app - Logging setup complete - logs will be written to CLI and file
2025-12-13 09:55:54,531 - INFO - app - Logging setup complete - logs will be written to CLI and file
2025-12-13 09:56:25,156 - INFO - app - Logging setup complete - logs will be written to CLI and file
2025-12-13 09:56:50,262 - INFO - app - Logging setup complete - logs will be written to CLI and file
2025-12-13 09:58:47,630 - INFO - app - Logging setup complete - logs will be written to CLI and file
2025-12-13 09:59:03,274 - INFO - app - Logging setup complete - logs will be written to CLI and file
2025-12-13 09:59:16,683 - INFO - app - Logging setup complete - logs will be written to CLI and file
2025-12-13 09:59:30,070 - INFO - app - Logging setup complete - logs will be written to CLI and file
2025-12-13 09:59:37,310 - INFO - app - Logging setup complete - logs will be written to CLI and file
